#
# A fatal error has been detected by the Java Runtime Environment:
#
#  EXCEPTION_ACCESS_VIOLATION (0xc0000005) at pc=0x0000000076fa0901, pid=5516, tid=5240
#
# JRE version: Java(TM) SE Runtime Environment (8.0_74-b02) (build 1.8.0_74-b02)
# Java VM: Java HotSpot(TM) 64-Bit Server VM (25.74-b02 mixed mode windows-amd64 compressed oops)
# Problematic frame:
# C  [ntdll.dll+0x50901]
#
# Failed to write core dump. Minidumps are not enabled by default on client versions of Windows
#
# If you would like to submit a bug report, please visit:
#   http://bugreport.java.com/bugreport/crash.jsp
# The crash happened outside the Java Virtual Machine in native code.
# See problematic frame for where to report the bug.
#

---------------  T H R E A D  ---------------

Current thread (0x0000000058388000):  JavaThread "JavaFX Application Thread" [_thread_in_native, id=5240, stack(0x00000000593a0000,0x00000000594a0000)]

siginfo: ExceptionCode=0xc0000005, reading address 0x0000049231841968

Registers:
RAX=0x0000000000000000, RBX=0x0000049231841960, RCX=0x000000ffffffffff, RDX=0x0000000000000000
RSP=0x000000005949d760, RBP=0x000000005e007110, RSI=0x0000000000000000, RDI=0x0000000000000000
R8 =0x000000005e007100, R9 =0x00000000ffffffff, R10=0x000000005e007110, R11=0x000000ac00430011
R12=0x0000000000330000, R13=0x000000005e863198, R14=0x000000005949d990, R15=0x00000000583881f8
RIP=0x0000000076fa0901, EFLAGS=0x0000000000010206

Top of Stack: (sp=0x000000005949d760)
0x000000005949d760:   000000006e65d95f 000000005b782e8e
0x000000005949d770:   000000005e07f9c0 000000005e07f970
0x000000005949d780:   000000005e07f970 0000000000000000
0x000000005949d790:   000000000000000f 0000000000000000
0x000000005949d7a0:   00000000583881f8 000000005949d990
0x000000005949d7b0:   0000000000000000 0000000000000016
0x000000005949d7c0:   0000000000000000 000000005949d909
0x000000005949d7d0:   000000000000000c 0000000076d51a7a
0x000000005949d7e0:   0000000000000000 000000005e863198
0x000000005949d7f0:   fffffffffffffffe 000000005b3af723
0x000000005949d800:   0000000000000016 000007fef23669d8
0x000000005949d810:   0000000063baea10 000000005e007110
0x000000005949d820:   ffffffff00000000 000000005949db60
0x000000005949d830:   000000000000000c 000000005b8b0eaf
0x000000005949d840:   000000000000000c 0000000000000000
0x000000005949d850:   ffffffffffffffff 000000005949d909 

Instructions: (pc=0x0000000076fa0901)
0x0000000076fa08e1:   ff ff 00 00 00 49 33 dc 48 23 c1 48 c1 eb 04 48
0x0000000076fa08f1:   33 d8 48 33 1d ce ea 0d 00 48 c1 e3 04 0f 0d 0b
0x0000000076fa0901:   48 8b 7b 08 49 bd 01 00 00 00 01 00 00 00 49 be
0x0000000076fa0911:   ff 7f 00 00 ff ff ff ff 41 c6 40 0f 80 41 88 70 


Register to memory mapping:

RAX=0x0000000000000000 is an unknown value
RBX=0x0000049231841960 is an unknown value
RCX=0x000000ffffffffff is an unknown value
RDX=0x0000000000000000 is an unknown value
RSP=0x000000005949d760 is pointing into the stack for thread: 0x0000000058388000
RBP=0x000000005e007110 is an unknown value
RSI=0x0000000000000000 is an unknown value
RDI=0x0000000000000000 is an unknown value
R8 =0x000000005e007100 is an unknown value
R9 =0x00000000ffffffff is an unallocated location in the heap
R10=0x000000005e007110 is an unknown value
R11=0x000000ac00430011 is an unknown value
R12=0x0000000000330000 is an unknown value
R13={method} {0x000000005e8631a0} 'twkDidReceiveResponse' '(ILjava/lang/String;Ljava/lang/String;JLjava/lang/String;Ljava/lang/String;J)V' in 'com/sun/webkit/network/URLLoader'
R14=0x000000005949d990 is pointing into the stack for thread: 0x0000000058388000
R15=0x00000000583881f8 is an unknown value


Stack: [0x00000000593a0000,0x00000000594a0000],  sp=0x000000005949d760,  free space=1013k
Native frames: (J=compiled Java code, j=interpreted, Vv=VM code, C=native code)
C  [ntdll.dll+0x50901]
C  [kernel32.dll+0x21a7a]
C  [msvcr120.dll+0x669d8]
C  [jfxwebkit.dll+0x8c0eaf]
C  [jfxwebkit.dll+0x8c07dc]
C  0x0000000002783b34

Java frames: (J=compiled Java code, j=interpreted, Vv=VM code)
j  com.sun.webkit.network.URLLoader.twkDidReceiveResponse(ILjava/lang/String;Ljava/lang/String;JLjava/lang/String;Ljava/lang/String;J)V+0
j  com.sun.webkit.network.URLLoader.notifyDidReceiveResponse(ILjava/lang/String;Ljava/lang/String;JLjava/lang/String;Ljava/lang/String;)V+91
j  com.sun.webkit.network.URLLoader.lambda$didReceiveResponse$94(ILjava/lang/String;Ljava/lang/String;JLjava/lang/String;Ljava/lang/String;)V+17
j  com.sun.webkit.network.URLLoader$$Lambda$150.run()V+28
j  com.sun.javafx.application.PlatformImpl.lambda$null$173(Ljava/lang/Runnable;)Ljava/lang/Void;+1
j  com.sun.javafx.application.PlatformImpl$$Lambda$50.run()Ljava/lang/Object;+4
v  ~StubRoutines::call_stub
J 1259  java.security.AccessController.doPrivileged(Ljava/security/PrivilegedAction;Ljava/security/AccessControlContext;)Ljava/lang/Object; (0 bytes) @ 0x0000000002b777e6 [0x0000000002b77780+0x66]
j  com.sun.javafx.application.PlatformImpl.lambda$runLater$174(Ljava/lang/Runnable;Ljava/security/AccessControlContext;)V+7
J 2092 C1 com.sun.javafx.application.PlatformImpl$$Lambda$49.run()V (12 bytes) @ 0x0000000002d6fa84 [0x0000000002d6fa00+0x84]
J 1867 C1 com.sun.glass.ui.InvokeLaterDispatcher$Future.run()V (91 bytes) @ 0x0000000002ceb48c [0x0000000002ceb380+0x10c]
v  ~StubRoutines::call_stub
j  com.sun.glass.ui.win.WinApplication._runLoop(Ljava/lang/Runnable;)V+0
j  com.sun.glass.ui.win.WinApplication.lambda$null$148(ILjava/lang/Runnable;)V+8
j  com.sun.glass.ui.win.WinApplication$$Lambda$38.run()V+12
j  java.lang.Thread.run()V+11
v  ~StubRoutines::call_stub

---------------  P R O C E S S  ---------------

Java Threads: ( => current thread )
  0x000000005f0bd000 JavaThread "Watchdog-Timer-1" daemon [_thread_blocked, id=5884, stack(0x0000000068020000,0x0000000068120000)]
  0x000000005f014000 JavaThread "URL-Loader-20" daemon [_thread_blocked, id=5852, stack(0x0000000066c90000,0x0000000066d90000)]
  0x000000005f012800 JavaThread "URL-Loader-19" daemon [_thread_blocked, id=4284, stack(0x0000000066b00000,0x0000000066c00000)]
  0x0000000058a48000 JavaThread "URL-Loader-18" daemon [_thread_blocked, id=5836, stack(0x0000000066330000,0x0000000066430000)]
  0x0000000058a47800 JavaThread "URL-Loader-17" daemon [_thread_blocked, id=4920, stack(0x0000000066120000,0x0000000066220000)]
  0x0000000058a46800 JavaThread "URL-Loader-16" daemon [_thread_blocked, id=5528, stack(0x0000000065fe0000,0x00000000660e0000)]
  0x0000000058a46000 JavaThread "URL-Loader-15" daemon [_thread_blocked, id=5716, stack(0x0000000065df0000,0x0000000065ef0000)]
  0x0000000058a45000 JavaThread "URL-Loader-14" daemon [_thread_blocked, id=1784, stack(0x0000000065b90000,0x0000000065c90000)]
  0x0000000058a43800 JavaThread "URL-Loader-13" daemon [_thread_blocked, id=4292, stack(0x0000000065270000,0x0000000065370000)]
  0x0000000058a43000 JavaThread "URL-Loader-12" daemon [_thread_blocked, id=6120, stack(0x0000000065020000,0x0000000065120000)]
  0x0000000058a42000 JavaThread "URL-Loader-11" daemon [_thread_blocked, id=4736, stack(0x0000000064e40000,0x0000000064f40000)]
  0x000000005866b000 JavaThread "URL-Loader-10" daemon [_thread_blocked, id=2140, stack(0x00000000649c0000,0x0000000064ac0000)]
  0x000000005866a000 JavaThread "URL-Loader-9" daemon [_thread_blocked, id=5828, stack(0x0000000064840000,0x0000000064940000)]
  0x0000000058668000 JavaThread "URL-Loader-8" daemon [_thread_blocked, id=4260, stack(0x0000000064120000,0x0000000064220000)]
  0x0000000058667000 JavaThread "URL-Loader-7" daemon [_thread_blocked, id=5252, stack(0x0000000063ee0000,0x0000000063fe0000)]
  0x0000000058665800 JavaThread "URL-Loader-6" daemon [_thread_blocked, id=4772, stack(0x00000000608d0000,0x00000000609d0000)]
  0x0000000058665000 JavaThread "Prism Font Disposer" daemon [_thread_blocked, id=4296, stack(0x00000000628e0000,0x00000000629e0000)]
  0x0000000058664000 JavaThread "URL-Loader-5" daemon [_thread_blocked, id=4840, stack(0x0000000060c00000,0x0000000060d00000)]
  0x0000000058663000 JavaThread "URL-Loader-4" daemon [_thread_blocked, id=2696, stack(0x0000000060a50000,0x0000000060b50000)]
  0x0000000058662800 JavaThread "URL-Loader-3" daemon [_thread_blocked, id=4460, stack(0x0000000060440000,0x0000000060540000)]
  0x0000000058661800 JavaThread "URL-Loader-2" daemon [_thread_blocked, id=4872, stack(0x00000000607c0000,0x00000000608c0000)]
  0x0000000058661000 JavaThread "Keep-Alive-Timer" daemon [_thread_blocked, id=3872, stack(0x00000000605c0000,0x00000000606c0000)]
  0x000000005865d000 JavaThread "URL-Loader-1" daemon [_thread_blocked, id=2788, stack(0x000000005eae0000,0x000000005ebe0000)]
  0x00000000585a9000 JavaThread "AWT-EventQueue-0" [_thread_blocked, id=1372, stack(0x000000005e690000,0x000000005e790000)]
  0x0000000058584000 JavaThread "AWT-Windows" daemon [_thread_in_native, id=1432, stack(0x000000005d580000,0x000000005d680000)]
  0x0000000058581000 JavaThread "AWT-Shutdown" [_thread_blocked, id=2824, stack(0x000000005e280000,0x000000005e380000)]
  0x0000000058580800 JavaThread "Java2D Disposer" daemon [_thread_blocked, id=3004, stack(0x000000005e110000,0x000000005e210000)]
  0x0000000058475800 JavaThread "Disposer" daemon [_thread_blocked, id=1768, stack(0x000000005dcf0000,0x000000005ddf0000)]
  0x00000000583af800 JavaThread "Thread-3" daemon [_thread_in_native, id=5920, stack(0x000000005ad30000,0x000000005ae30000)]
  0x00000000583b8800 JavaThread "JavaFX-Launcher" [_thread_blocked, id=5712, stack(0x000000005aef0000,0x000000005aff0000)]
=>0x0000000058388000 JavaThread "JavaFX Application Thread" [_thread_in_native, id=5240, stack(0x00000000593a0000,0x00000000594a0000)]
  0x000000005837e800 JavaThread "Thread-1" daemon [_thread_blocked, id=1824, stack(0x0000000059220000,0x0000000059320000)]
  0x000000005835a800 JavaThread "QuantumRenderer-0" daemon [_thread_blocked, id=3640, stack(0x0000000058c60000,0x0000000058d60000)]
  0x0000000057a23000 JavaThread "Service Thread" daemon [_thread_blocked, id=940, stack(0x0000000058150000,0x0000000058250000)]
  0x00000000579a4000 JavaThread "C1 CompilerThread2" daemon [_thread_blocked, id=5608, stack(0x0000000058040000,0x0000000058140000)]
  0x00000000579a3000 JavaThread "C2 CompilerThread1" daemon [_thread_blocked, id=2132, stack(0x0000000057e90000,0x0000000057f90000)]
  0x0000000056267000 JavaThread "C2 CompilerThread0" daemon [_thread_blocked, id=3764, stack(0x00000000573b0000,0x00000000574b0000)]
  0x0000000056265800 JavaThread "Attach Listener" daemon [_thread_blocked, id=6068, stack(0x00000000578a0000,0x00000000579a0000)]
  0x0000000056262000 JavaThread "Signal Dispatcher" daemon [_thread_blocked, id=5912, stack(0x00000000576a0000,0x00000000577a0000)]
  0x0000000056248800 JavaThread "Finalizer" daemon [_thread_blocked, id=5220, stack(0x00000000574e0000,0x00000000575e0000)]
  0x0000000056201800 JavaThread "Reference Handler" daemon [_thread_blocked, id=5696, stack(0x0000000057280000,0x0000000057380000)]
  0x00000000021ad800 JavaThread "main" [_thread_blocked, id=1908, stack(0x00000000023a0000,0x00000000024a0000)]

Other Threads:
  0x00000000561fa000 VMThread [stack: 0x0000000057180000,0x0000000057280000] [id=5888]
  0x0000000057a3b800 WatcherThread [stack: 0x0000000058250000,0x0000000058350000] [id=5648]

VM state:not at safepoint (normal execution)

VM Mutex/Monitor currently owned by a thread: None

Heap:
 PSYoungGen      total 28672K, used 9850K [0x00000000e0980000, 0x00000000e2980000, 0x0000000100000000)
  eden space 24576K, 40% used [0x00000000e0980000,0x00000000e131e8c0,0x00000000e2180000)
  from space 4096K, 0% used [0x00000000e2180000,0x00000000e2180000,0x00000000e2580000)
  to   space 4096K, 0% used [0x00000000e2580000,0x00000000e2580000,0x00000000e2980000)
 ParOldGen       total 69632K, used 19528K [0x00000000a1c00000, 0x00000000a6000000, 0x00000000e0980000)
  object space 69632K, 28% used [0x00000000a1c00000,0x00000000a2f12118,0x00000000a6000000)
 Metaspace       used 20639K, capacity 21544K, committed 21760K, reserved 1069056K
  class space    used 2776K, capacity 3000K, committed 3072K, reserved 1048576K

Card table byte_map: [0x0000000011b30000,0x0000000011e30000] byte_map_base: 0x0000000011622000

Marking Bits: (ParMarkBitMap*) 0x0000000062740600
 Begin Bits: [0x0000000012650000, 0x0000000013de0000)
 End Bits:   [0x0000000013de0000, 0x0000000015570000)

Polling page: 0x0000000000120000

CodeCache: size=245760Kb used=7001Kb max_used=7001Kb free=238758Kb
 bounds [0x0000000002770000, 0x0000000002e50000, 0x0000000011770000]
 total_blobs=3220 nmethods=2413 adapters=720
 compilation: enabled

Compilation events (10 events):
Event: 6.378 Thread 0x00000000579a4000 2406   !   3       java.lang.StringCoding::decode (120 bytes)
Event: 6.380 Thread 0x00000000579a4000 nmethod 2406 0x0000000002e3e4d0 code [0x0000000002e3e820, 0x0000000002e40258]
Event: 6.380 Thread 0x00000000579a4000 2407   !   3       java.lang.StringCoding$StringDecoder::decode (179 bytes)
Event: 6.382 Thread 0x00000000579a4000 nmethod 2407 0x0000000002e41150 code [0x0000000002e414c0, 0x0000000002e43168]
Event: 6.382 Thread 0x00000000579a4000 2408       3       java.lang.StringCoding::access$100 (8 bytes)
Event: 6.382 Thread 0x00000000579a4000 nmethod 2408 0x0000000002e3bb10 code [0x0000000002e3bca0, 0x0000000002e3c1c8]
Event: 6.408 Thread 0x00000000579a4000 2409       3       java.awt.EventQueue$4::run (5 bytes)
Event: 6.409 Thread 0x00000000579a4000 nmethod 2409 0x0000000002e442d0 code [0x0000000002e444c0, 0x0000000002e44b78]
Event: 6.409 Thread 0x00000000579a4000 2410       3       java.awt.EventQueue$4::run (19 bytes)
Event: 6.409 Thread 0x00000000579a4000 nmethod 2410 0x0000000002e45010 code [0x0000000002e45200, 0x0000000002e45838]

GC Heap History (8 events):
Event: 0.817 GC heap before
{Heap before GC invocations=1 (full 0):
 PSYoungGen      total 28672K, used 24576K [0x00000000e0980000, 0x00000000e2980000, 0x0000000100000000)
  eden space 24576K, 100% used [0x00000000e0980000,0x00000000e2180000,0x00000000e2180000)
  from space 4096K, 0% used [0x00000000e2580000,0x00000000e2580000,0x00000000e2980000)
  to   space 4096K, 0% used [0x00000000e2180000,0x00000000e2180000,0x00000000e2580000)
 ParOldGen       total 65536K, used 0K [0x00000000a1c00000, 0x00000000a5c00000, 0x00000000e0980000)
  object space 65536K, 0% used [0x00000000a1c00000,0x00000000a1c00000,0x00000000a5c00000)
 Metaspace       used 16140K, capacity 16634K, committed 17024K, reserved 1064960K
  class space    used 2192K, capacity 2339K, committed 2432K, reserved 1048576K
Event: 0.825 GC heap after
Heap after GC invocations=1 (full 0):
 PSYoungGen      total 28672K, used 4074K [0x00000000e0980000, 0x00000000e2980000, 0x0000000100000000)
  eden space 24576K, 0% used [0x00000000e0980000,0x00000000e0980000,0x00000000e2180000)
  from space 4096K, 99% used [0x00000000e2180000,0x00000000e257ab90,0x00000000e2580000)
  to   space 4096K, 0% used [0x00000000e2580000,0x00000000e2580000,0x00000000e2980000)
 ParOldGen       total 65536K, used 2481K [0x00000000a1c00000, 0x00000000a5c00000, 0x00000000e0980000)
  object space 65536K, 3% used [0x00000000a1c00000,0x00000000a1e6c458,0x00000000a5c00000)
 Metaspace       used 16140K, capacity 16634K, committed 17024K, reserved 1064960K
  class space    used 2192K, capacity 2339K, committed 2432K, reserved 1048576K
}
Event: 1.697 GC heap before
{Heap before GC invocations=2 (full 0):
 PSYoungGen      total 28672K, used 28650K [0x00000000e0980000, 0x00000000e2980000, 0x0000000100000000)
  eden space 24576K, 100% used [0x00000000e0980000,0x00000000e2180000,0x00000000e2180000)
  from space 4096K, 99% used [0x00000000e2180000,0x00000000e257ab90,0x00000000e2580000)
  to   space 4096K, 0% used [0x00000000e2580000,0x00000000e2580000,0x00000000e2980000)
 ParOldGen       total 65536K, used 2481K [0x00000000a1c00000, 0x00000000a5c00000, 0x00000000e0980000)
  object space 65536K, 3% used [0x00000000a1c00000,0x00000000a1e6c458,0x00000000a5c00000)
 Metaspace       used 19656K, capacity 20528K, committed 20608K, reserved 1067008K
  class space    used 2724K, capacity 2928K, committed 2944K, reserved 1048576K
Event: 1.707 GC heap after
Heap after GC invocations=2 (full 0):
 PSYoungGen      total 28672K, used 4077K [0x00000000e0980000, 0x00000000e4180000, 0x0000000100000000)
  eden space 24576K, 0% used [0x00000000e0980000,0x00000000e0980000,0x00000000e2180000)
  from space 4096K, 99% used [0x00000000e2580000,0x00000000e297b550,0x00000000e2980000)
  to   space 4096K, 0% used [0x00000000e2180000,0x00000000e2180000,0x00000000e2580000)
 ParOldGen       total 65536K, used 11477K [0x00000000a1c00000, 0x00000000a5c00000, 0x00000000e0980000)
  object space 65536K, 17% used [0x00000000a1c00000,0x00000000a2735740,0x00000000a5c00000)
 Metaspace       used 19656K, capacity 20528K, committed 20608K, reserved 1067008K
  class space    used 2724K, capacity 2928K, committed 2944K, reserved 1048576K
}
Event: 4.538 GC heap before
{Heap before GC invocations=3 (full 0):
 PSYoungGen      total 28672K, used 14598K [0x00000000e0980000, 0x00000000e4180000, 0x0000000100000000)
  eden space 24576K, 42% used [0x00000000e0980000,0x00000000e13c6698,0x00000000e2180000)
  from space 4096K, 99% used [0x00000000e2580000,0x00000000e297b550,0x00000000e2980000)
  to   space 4096K, 0% used [0x00000000e2180000,0x00000000e2180000,0x00000000e2580000)
 ParOldGen       total 65536K, used 11477K [0x00000000a1c00000, 0x00000000a5c00000, 0x00000000e0980000)
  object space 65536K, 17% used [0x00000000a1c00000,0x00000000a2735740,0x00000000a5c00000)
 Metaspace       used 20314K, capacity 21126K, committed 21296K, reserved 1067008K
  class space    used 2748K, capacity 2931K, committed 2944K, reserved 1048576K
Event: 4.551 GC heap after
Heap after GC invocations=3 (full 0):
 PSYoungGen      total 28672K, used 4093K [0x00000000e0980000, 0x00000000e2980000, 0x0000000100000000)
  eden space 24576K, 0% used [0x00000000e0980000,0x00000000e0980000,0x00000000e2180000)
  from space 4096K, 99% used [0x00000000e2180000,0x00000000e257f520,0x00000000e2580000)
  to   space 4096K, 0% used [0x00000000e2580000,0x00000000e2580000,0x00000000e2980000)
 ParOldGen       total 65536K, used 15681K [0x00000000a1c00000, 0x00000000a5c00000, 0x00000000e0980000)
  object space 65536K, 23% used [0x00000000a1c00000,0x00000000a2b50500,0x00000000a5c00000)
 Metaspace       used 20314K, capacity 21126K, committed 21296K, reserved 1067008K
  class space    used 2748K, capacity 2931K, committed 2944K, reserved 1048576K
}
Event: 4.551 GC heap before
{Heap before GC invocations=4 (full 1):
 PSYoungGen      total 28672K, used 4093K [0x00000000e0980000, 0x00000000e2980000, 0x0000000100000000)
  eden space 24576K, 0% used [0x00000000e0980000,0x00000000e0980000,0x00000000e2180000)
  from space 4096K, 99% used [0x00000000e2180000,0x00000000e257f520,0x00000000e2580000)
  to   space 4096K, 0% used [0x00000000e2580000,0x00000000e2580000,0x00000000e2980000)
 ParOldGen       total 65536K, used 15681K [0x00000000a1c00000, 0x00000000a5c00000, 0x00000000e0980000)
  object space 65536K, 23% used [0x00000000a1c00000,0x00000000a2b50500,0x00000000a5c00000)
 Metaspace       used 20314K, capacity 21126K, committed 21296K, reserved 1067008K
  class space    used 2748K, capacity 2931K, committed 2944K, reserved 1048576K
Event: 4.620 GC heap after
Heap after GC invocations=4 (full 1):
 PSYoungGen      total 28672K, used 0K [0x00000000e0980000, 0x00000000e2980000, 0x0000000100000000)
  eden space 24576K, 0% used [0x00000000e0980000,0x00000000e0980000,0x00000000e2180000)
  from space 4096K, 0% used [0x00000000e2180000,0x00000000e2180000,0x00000000e2580000)
  to   space 4096K, 0% used [0x00000000e2580000,0x00000000e2580000,0x00000000e2980000)
 ParOldGen       total 69632K, used 19528K [0x00000000a1c00000, 0x00000000a6000000, 0x00000000e0980000)
  object space 69632K, 28% used [0x00000000a1c00000,0x00000000a2f12118,0x00000000a6000000)
 Metaspace       used 20314K, capacity 21126K, committed 21296K, reserved 1067008K
  class space    used 2748K, capacity 2931K, committed 2944K, reserved 1048576K
}

Deoptimization events (10 events):
Event: 0.878 Thread 0x0000000058388000 Uncommon trap: reason=class_check action=maybe_recompile pc=0x000000000288d560 method=java.lang.String.equals(Ljava/lang/Object;)Z @ 8
Event: 0.878 Thread 0x0000000058388000 Uncommon trap: reason=class_check action=maybe_recompile pc=0x000000000288d560 method=java.lang.String.equals(Ljava/lang/Object;)Z @ 8
Event: 0.878 Thread 0x0000000058388000 Uncommon trap: reason=class_check action=maybe_recompile pc=0x000000000288d560 method=java.lang.String.equals(Ljava/lang/Object;)Z @ 8
Event: 0.886 Thread 0x0000000058388000 Uncommon trap: reason=class_check action=maybe_recompile pc=0x000000000288d560 method=java.lang.String.equals(Ljava/lang/Object;)Z @ 8
Event: 1.436 Thread 0x0000000058388000 Uncommon trap: reason=class_check action=maybe_recompile pc=0x0000000002af15f0 method=java.util.HashMap.putVal(ILjava/lang/Object;Ljava/lang/Object;ZZ)Ljava/lang/Object; @ 253
Event: 1.436 Thread 0x0000000058388000 Uncommon trap: reason=class_check action=maybe_recompile pc=0x0000000002af15f0 method=java.util.HashMap.putVal(ILjava/lang/Object;Ljava/lang/Object;ZZ)Ljava/lang/Object; @ 253
Event: 1.436 Thread 0x0000000058388000 Uncommon trap: reason=class_check action=maybe_recompile pc=0x0000000002af15f0 method=java.util.HashMap.putVal(ILjava/lang/Object;Ljava/lang/Object;ZZ)Ljava/lang/Object; @ 253
Event: 1.436 Thread 0x0000000058388000 Uncommon trap: reason=class_check action=maybe_recompile pc=0x0000000002af15f0 method=java.util.HashMap.putVal(ILjava/lang/Object;Ljava/lang/Object;ZZ)Ljava/lang/Object; @ 253
Event: 1.692 Thread 0x0000000058388000 Uncommon trap: reason=unstable_if action=reinterpret pc=0x0000000002ab0a58 method=sun.misc.URLClassPath$JarLoader.getResource(Ljava/lang/String;Z)Lsun/misc/Resource; @ 62
Event: 6.057 Thread 0x00000000585a9000 Uncommon trap: reason=unstable_if action=reinterpret pc=0x0000000002b31bf8 method=java.lang.Integer.equals(Ljava/lang/Object;)Z @ 18

Internal exceptions (10 events):
Event: 0.377 Thread 0x0000000058388000 Exception <a 'java/lang/NullPointerException'> (0x00000000e135b9a8) thrown at [C:\re\workspace\8-2-build-windows-amd64-cygwin\jdk8u74\6087\hotspot\src\share\vm\prims\jvm.cpp, line 1390]
Event: 0.546 Thread 0x0000000058388000 Exception <a 'java/security/PrivilegedActionException'> (0x00000000e18c64c0) thrown at [C:\re\workspace\8-2-build-windows-amd64-cygwin\jdk8u74\6087\hotspot\src\share\vm\prims\jvm.cpp, line 1386]
Event: 0.546 Thread 0x0000000058388000 Exception <a 'java/security/PrivilegedActionException'> (0x00000000e18c68b8) thrown at [C:\re\workspace\8-2-build-windows-amd64-cygwin\jdk8u74\6087\hotspot\src\share\vm\prims\jvm.cpp, line 1386]
Event: 0.552 Thread 0x0000000058388000 Exception <a 'java/io/FileNotFoundException'> (0x00000000e18e0688) thrown at [C:\re\workspace\8-2-build-windows-amd64-cygwin\jdk8u74\6087\hotspot\src\share\vm\prims\jni.cpp, line 709]
Event: 0.573 Thread 0x0000000058388000 Exception <a 'java/io/FileNotFoundException'> (0x00000000e19114d0) thrown at [C:\re\workspace\8-2-build-windows-amd64-cygwin\jdk8u74\6087\hotspot\src\share\vm\prims\jni.cpp, line 709]
Event: 0.607 Thread 0x0000000058388000 Implicit null exception at 0x00000000029f2b06 to 0x00000000029f2e39
Event: 0.608 Thread 0x0000000058388000 Implicit null exception at 0x000000000296d806 to 0x000000000296db29
Event: 0.614 Thread 0x0000000058388000 Implicit null exception at 0x00000000029ca0e5 to 0x00000000029ca2b9
Event: 0.740 Thread 0x0000000058388000 Exception <a 'sun/nio/fs/WindowsException'> (0x00000000e1eac170) thrown at [C:\re\workspace\8-2-build-windows-amd64-cygwin\jdk8u74\6087\hotspot\src\share\vm\prims\jni.cpp, line 709]
Event: 0.742 Thread 0x0000000058388000 Exception <a 'sun/nio/fs/WindowsException'> (0x00000000e1eadf28) thrown at [C:\re\workspace\8-2-build-windows-amd64-cygwin\jdk8u74\6087\hotspot\src\share\vm\prims\jni.cpp, line 709]

Events (10 events):
Event: 6.243 loading class javax/swing/ClientPropertyKey$1
Event: 6.243 loading class sun/awt/AWTAccessor$ClientPropertyKeyAccessor
Event: 6.243 loading class sun/awt/AWTAccessor$ClientPropertyKeyAccessor done
Event: 6.243 loading class javax/swing/ClientPropertyKey$1 done
Event: 6.244 loading class javafx/embed/swing/InputMethodSupport$InputMethodRequestsAdapter
Event: 6.244 loading class javafx/embed/swing/InputMethodSupport$InputMethodRequestsAdapter done
Event: 6.327 loading class java/lang/Throwable$WrappedPrintStream
Event: 6.328 loading class java/lang/Throwable$PrintStreamOrWriter
Event: 6.328 loading class java/lang/Throwable$PrintStreamOrWriter done
Event: 6.328 loading class java/lang/Throwable$WrappedPrintStream done


Dynamic libraries:
0x000000013fa70000 - 0x000000013faa7000 	C:\Program Files\Java\jre1.8.0_74\bin\javaw.exe
0x0000000076f50000 - 0x00000000770fa000 	C:\Windows\SYSTEM32\ntdll.dll
0x0000000076d30000 - 0x0000000076e4f000 	C:\Windows\system32\kernel32.dll
0x000007fefd010000 - 0x000007fefd07b000 	C:\Windows\system32\KERNELBASE.dll
0x000007fefdfa0000 - 0x000007fefe07b000 	C:\Windows\system32\ADVAPI32.dll
0x000007fefec30000 - 0x000007fefeccf000 	C:\Windows\system32\msvcrt.dll
0x000007fefe080000 - 0x000007fefe09f000 	C:\Windows\SYSTEM32\sechost.dll
0x000007fefe890000 - 0x000007fefe9bd000 	C:\Windows\system32\RPCRT4.dll
0x0000000076e50000 - 0x0000000076f4a000 	C:\Windows\system32\USER32.dll
0x000007fefe2e0000 - 0x000007fefe347000 	C:\Windows\system32\GDI32.dll
0x000007fefeba0000 - 0x000007fefebae000 	C:\Windows\system32\LPK.dll
0x000007fefd090000 - 0x000007fefd15a000 	C:\Windows\system32\USP10.dll
0x000007fefb290000 - 0x000007fefb484000 	C:\Windows\WinSxS\amd64_microsoft.windows.common-controls_6595b64144ccf1df_6.0.7601.18837_none_fa3b1e3d17594757\COMCTL32.dll
0x000007fefefb0000 - 0x000007feff021000 	C:\Windows\system32\SHLWAPI.dll
0x000007fefe0a0000 - 0x000007fefe0ce000 	C:\Windows\system32\IMM32.DLL
0x000007feff0b0000 - 0x000007feff1b9000 	C:\Windows\system32\MSCTF.dll
0x0000000073ce0000 - 0x0000000073db2000 	C:\Program Files\Java\jre1.8.0_74\bin\msvcr100.dll
0x0000000061f30000 - 0x00000000627c0000 	C:\Program Files\Java\jre1.8.0_74\bin\server\jvm.dll
0x000007fef8070000 - 0x000007fef8079000 	C:\Windows\system32\WSOCK32.dll
0x000007fefecd0000 - 0x000007fefed1d000 	C:\Windows\system32\WS2_32.dll
0x000007fefd160000 - 0x000007fefd168000 	C:\Windows\system32\NSI.dll
0x000007fefa850000 - 0x000007fefa88b000 	C:\Windows\system32\WINMM.dll
0x000007fefbdf0000 - 0x000007fefbdfc000 	C:\Windows\system32\VERSION.dll
0x0000000077110000 - 0x0000000077117000 	C:\Windows\system32\PSAPI.DLL
0x0000000073f50000 - 0x0000000073f5f000 	C:\Program Files\Java\jre1.8.0_74\bin\verify.dll
0x00000000736b0000 - 0x00000000736d9000 	C:\Program Files\Java\jre1.8.0_74\bin\java.dll
0x0000000073280000 - 0x0000000073296000 	C:\Program Files\Java\jre1.8.0_74\bin\zip.dll
0x000007fefd210000 - 0x000007fefdf9a000 	C:\Windows\system32\SHELL32.dll
0x000007fefe0d0000 - 0x000007fefe2d3000 	C:\Windows\system32\ole32.dll
0x000007fefcce0000 - 0x000007fefccef000 	C:\Windows\system32\profapi.dll
0x000007fef2300000 - 0x000007fef23ef000 	C:\Program Files\Java\jre1.8.0_74\bin\msvcr120.dll
0x000007fee8380000 - 0x000007fee8426000 	C:\Program Files\Java\jre1.8.0_74\bin\msvcp120.dll
0x0000000073250000 - 0x0000000073273000 	C:\Program Files\Java\jre1.8.0_74\bin\prism_d3d.dll
0x000007fee8180000 - 0x000007fee837f000 	C:\Windows\system32\d3d9.dll
0x000007fefa510000 - 0x000007fefa517000 	C:\Windows\system32\d3d8thk.dll
0x000007fefa7f0000 - 0x000007fefa808000 	C:\Windows\system32\dwmapi.dll
0x000007fefb0b0000 - 0x000007fefb106000 	C:\Windows\system32\uxtheme.dll
0x0000000180000000 - 0x0000000180805000 	C:\Windows\system32\igdumd64.dll
0x0000000073200000 - 0x0000000073243000 	C:\Program Files\Java\jre1.8.0_74\bin\glass.dll
0x000007feff1c0000 - 0x000007feff257000 	C:\Windows\system32\COMDLG32.dll
0x000007fefe620000 - 0x000007fefe6f7000 	C:\Windows\system32\OLEAUT32.dll
0x000007fefcb70000 - 0x000007fefcb7f000 	C:\Windows\system32\CRYPTBASE.dll
0x000000005aff0000 - 0x000000005d57e000 	C:\Program Files\Java\jre1.8.0_74\bin\jfxwebkit.dll
0x000007fefc510000 - 0x000007fefc528000 	C:\Windows\system32\CRYPTSP.dll
0x000007fefc210000 - 0x000007fefc257000 	C:\Windows\system32\rsaenh.dll
0x000000006c8a0000 - 0x000000006ca38000 	C:\Program Files\Java\jre1.8.0_74\bin\awt.dll
0x000000006f460000 - 0x000000006f4a7000 	C:\Program Files\Java\jre1.8.0_74\bin\fontmanager.dll
0x000000006f4e0000 - 0x000000006f4fa000 	C:\Program Files\Java\jre1.8.0_74\bin\net.dll
0x000007fefc4b0000 - 0x000007fefc505000 	C:\Windows\system32\mswsock.dll
0x000007fefc4a0000 - 0x000007fefc4a7000 	C:\Windows\System32\wship6.dll
0x000000006f4c0000 - 0x000000006f4d1000 	C:\Program Files\Java\jre1.8.0_74\bin\nio.dll
0x000000006f410000 - 0x000000006f452000 	C:\Program Files\Java\jre1.8.0_74\bin\t2k.dll
0x000000006f3f0000 - 0x000000006f404000 	C:\Program Files\Java\jre1.8.0_74\bin\javafx_font.dll
0x000007feed8f0000 - 0x000007feeda87000 	C:\Windows\system32\dwrite.dll
0x000007fefd170000 - 0x000007fefd209000 	C:\Windows\system32\CLBCatQ.DLL
0x000007fefa680000 - 0x000007fefa7e1000 	C:\Windows\system32\WindowsCodecs.dll
0x000007fefcb10000 - 0x000007fefcb67000 	C:\Windows\system32\apphelp.dll
0x0000000073ca0000 - 0x0000000073cb6000 	C:\Program Files\Common Files\TortoiseOverlays\TortoiseOverlays.dll
0x0000000073f90000 - 0x0000000073fa0000 	C:\Program Files\TortoiseSVN\bin\TortoiseStub.dll
0x0000000073c20000 - 0x0000000073c9b000 	C:\Program Files\TortoiseSVN\bin\TortoiseSVN.dll
0x000007fefed20000 - 0x000007fefefa3000 	C:\Windows\system32\WININET.dll
0x000007fefcd40000 - 0x000007fefcd44000 	C:\Windows\system32\api-ms-win-downlevel-user32-l1-1-0.dll
0x000007fefcd20000 - 0x000007fefcd24000 	C:\Windows\system32\api-ms-win-downlevel-shlwapi-l1-1-0.dll
0x000007fefd080000 - 0x000007fefd084000 	C:\Windows\system32\api-ms-win-downlevel-version-l1-1-0.dll
0x000007fefcfc0000 - 0x000007fefcfc3000 	C:\Windows\system32\api-ms-win-downlevel-normaliz-l1-1-0.dll
0x0000000077120000 - 0x0000000077123000 	C:\Windows\system32\normaliz.DLL
0x000007fefe350000 - 0x000007fefe618000 	C:\Windows\system32\iertutil.dll
0x000007fefcd30000 - 0x000007fefcd35000 	C:\Windows\system32\api-ms-win-downlevel-advapi32-l1-1-0.dll
0x000007fefcd50000 - 0x000007fefcd6e000 	C:\Windows\system32\USERENV.dll
0x000007fef0810000 - 0x000007fef0bf9000 	C:\Program Files\TortoiseSVN\bin\libsvn_tsvn.dll
0x0000000073bf0000 - 0x0000000073c1b000 	C:\Program Files\TortoiseSVN\bin\libapr_tsvn.dll
0x0000000073ac0000 - 0x0000000073b01000 	C:\Program Files\TortoiseSVN\bin\libaprutil_tsvn.dll
0x000007feff030000 - 0x000007feff082000 	C:\Windows\system32\WLDAP32.dll
0x000007fef4880000 - 0x000007fef4890000 	C:\Program Files\TortoiseSVN\bin\intl3_tsvn.dll
0x000007fef26a0000 - 0x000007fef26ba000 	C:\Program Files\TortoiseSVN\bin\libsasl.dll
0x000007fefca90000 - 0x000007fefca9b000 	C:\Windows\system32\Secur32.dll
0x000007fefcae0000 - 0x000007fefcb05000 	C:\Windows\system32\SSPICLI.DLL
0x000007fefcd70000 - 0x000007fefcedd000 	C:\Windows\system32\CRYPT32.dll
0x000007fefccd0000 - 0x000007fefccdf000 	C:\Windows\system32\MSASN1.dll
0x0000000073a20000 - 0x0000000073ab8000 	C:\Windows\system32\MSVCP100.dll
0x000007fef0f60000 - 0x000007fef0f95000 	C:\Windows\system32\EhStorShell.dll
0x000007fefe9c0000 - 0x000007fefeb97000 	C:\Windows\system32\SETUPAPI.dll
0x000007fefcfd0000 - 0x000007fefd006000 	C:\Windows\system32\CFGMGR32.dll
0x000007fefccf0000 - 0x000007fefcd0a000 	C:\Windows\system32\DEVOBJ.dll
0x000007fefb110000 - 0x000007fefb23c000 	C:\Windows\system32\PROPSYS.dll
0x000007fef0ee0000 - 0x000007fef0f5e000 	C:\Windows\System32\cscui.dll
0x000007fef4890000 - 0x000007fef489c000 	C:\Windows\System32\CSCDLL.dll
0x000007fef6d70000 - 0x000007fef6d7f000 	C:\Windows\system32\CSCAPI.dll
0x000000006f3c0000 - 0x000000006f3e3000 	C:\Program Files\Java\jre1.8.0_74\bin\javafx_iio.dll
0x000000006f3a0000 - 0x000000006f3b1000 	C:\Program Files\Java\jre1.8.0_74\bin\prism_common.dll
0x000007fefa020000 - 0x000007fefa047000 	C:\Windows\system32\IPHLPAPI.DLL
0x000007fefa010000 - 0x000007fefa01b000 	C:\Windows\system32\WINNSI.DLL
0x000007fef9c80000 - 0x000007fef9c91000 	C:\Windows\system32\dhcpcsvc6.DLL
0x000007fef9e00000 - 0x000007fef9e18000 	C:\Windows\system32\dhcpcsvc.DLL
0x000007fef68f0000 - 0x000007fef6a15000 	C:\Windows\system32\dbghelp.dll

VM Arguments:
jvm_args: -Dfile.encoding=Cp1252 
java_command: main.MainClass
java_class_path (initial): D:\NetlessDesktop\NetlessDesktopDemo\bin;D:\NetlessDesktop\NetlessDesktopDemo\lib\customizer.jar;D:\NetlessDesktop\NetlessDesktopDemo\lib\jmf.jar;D:\NetlessDesktop\NetlessDesktopDemo\lib\jna-4.0.0.jar;D:\NetlessDesktop\NetlessDesktopDemo\lib\mediaplayer.jar;D:\NetlessDesktop\NetlessDesktopDemo\lib\multiplayer.jar;D:\NetlessDesktop\NetlessDesktopDemo\lib\platform-3.5.2.jar;D:\NetlessDesktop\NetlessDesktopDemo\lib\vlcj-2.4.1.jar;D:\NetlessDesktop\NetlessDesktopDemo\lib\java-json.jar;D:\NetlessDesktop\NetlessDesktopDemo\lib\apache-httpcomponents-httpclient.jar;D:\NetlessDesktop\NetlessDesktopDemo\lib\httpclient-4.5.1.jar;D:\NetlessDesktop\NetlessDesktopDemo\lib\httpcore-4.4.3.jar
Launcher Type: SUN_STANDARD

Environment Variables:
PATH=C:\Windows\System32
USERNAME=gaurav.garg
OS=Windows_NT
PROCESSOR_IDENTIFIER=Intel64 Family 6 Model 37 Stepping 5, GenuineIntel



---------------  S Y S T E M  ---------------

OS: Windows 7 , 64 bit Build 7601 (6.1.7601.19135)

CPU:total 4 (2 cores per cpu, 2 threads per core) family 6 model 37 stepping 5, cmov, cx8, fxsr, mmx, sse, sse2, sse3, ssse3, sse4.1, sse4.2, popcnt, ht, tsc, tscinvbit

Memory: 4k page, physical 6175800k(1716900k free), swap 12349764k(7158172k free)

vm_info: Java HotSpot(TM) 64-Bit Server VM (25.74-b02) for windows-amd64 JRE (1.8.0_74-b02), built on Jan 29 2016 17:42:36 by "java_re" with MS VC++ 10.0 (VS2010)

time: Thu Feb 25 12:53:22 2016
elapsed time: 6 seconds (0d 0h 0m 6s)

